# JRE version: OpenJDK Runtime Environment 21.9 (17.0.3+6) (build 17.0.3+6-LTS)
# Java VM: OpenJDK 64-Bit Server VM 21.9 (17.0.3+6-LTS, mixed mode, sharing, tiered, compressed oops, compressed class ptrs, g1 gc, windows-amd64)
GC Precious Log:
 CPUs: 8 total, 8 available
 Memory: 7926M
 Large Page Support: Disabled
 NUMA Support: Disabled
 Compressed Oops: Enabled (32-bit)
 Heap Region Size: 1M
 Heap Min Capacity: 256M
 Heap Initial Capacity: 256M
 Heap Max Capacity: 512M
 Pre-touch: Disabled
 Parallel Workers: 8
 Concurrent Workers: 2
 Concurrent Refinement Workers: 8
 Periodic GC: Disabled
Heap:
 garbage-first heap   total 262144K, used 37880K [0x00000000e0000000, 0x0000000100000000)
  region size 1024K, 7 young (7168K), 1 survivors (1024K)
 Metaspace       used 36352K, committed 36736K, reserved 348160K
  class space    used 5060K, committed 5248K, reserved 315392K
GC Heap History (20 events):
Event: 70.569 GC heap before
{Heap before GC invocations=5 (full 0):
 garbage-first heap   total 262144K, used 32895K [0x00000000e0000000, 0x0000000100000000)
  region size 1024K, 12 young (12288K), 2 survivors (2048K)
 Metaspace       used 22386K, committed 22656K, reserved 339968K
  class space    used 3328K, committed 3456K, reserved 315392K
}
Event: 70.622 GC heap after
{Heap after GC invocations=6 (full 0):
 garbage-first heap   total 262144K, used 23603K [0x00000000e0000000, 0x0000000100000000)
  region size 1024K, 1 young (1024K), 1 survivors (1024K)
 Metaspace       used 22386K, committed 22656K, reserved 339968K
  class space    used 3328K, committed 3456K, reserved 315392K
}
Event: 78.957 GC heap before
{Heap before GC invocations=6 (full 0):
 garbage-first heap   total 262144K, used 39987K [0x00000000e0000000, 0x0000000100000000)
  region size 1024K, 17 young (17408K), 1 survivors (1024K)
 Metaspace       used 24411K, committed 24704K, reserved 339968K
  class space    used 3628K, committed 3776K, reserved 315392K
}
Event: 78.962 GC heap after
{Heap after GC invocations=7 (full 0):
 garbage-first heap   total 262144K, used 24291K [0x00000000e0000000, 0x0000000100000000)
  region size 1024K, 2 young (2048K), 2 survivors (2048K)
 Metaspace       used 24411K, committed 24704K, reserved 339968K
  class space    used 3628K, committed 3776K, reserved 315392K
}
Event: 139.395 GC heap before
{Heap before GC invocations=7 (full 0):
 garbage-first heap   total 262144K, used 63203K [0x00000000e0000000, 0x0000000100000000)
  region size 1024K, 41 young (41984K), 2 survivors (2048K)
 Metaspace       used 31752K, committed 32128K, reserved 348160K
  class space    used 4491K, committed 4672K, reserved 315392K
}
Event: 140.474 GC heap after
{Heap after GC invocations=8 (full 0):
 garbage-first heap   total 262144K, used 27909K [0x00000000e0000000, 0x0000000100000000)
  region size 1024K, 5 young (5120K), 5 survivors (5120K)
 Metaspace       used 31752K, committed 32128K, reserved 348160K
  class space    used 4491K, committed 4672K, reserved 315392K
}
Event: 142.774 GC heap before
{Heap before GC invocations=8 (full 0):
 garbage-first heap   total 262144K, used 35077K [0x00000000e0000000, 0x0000000100000000)
  region size 1024K, 12 young (12288K), 5 survivors (5120K)
 Metaspace       used 31784K, committed 32192K, reserved 348160K
  class space    used 4491K, committed 4672K, reserved 315392K
}
Event: 142.926 GC heap after
{Heap after GC invocations=9 (full 0):
 garbage-first heap   total 262144K, used 28799K [0x00000000e0000000, 0x0000000100000000)
  region size 1024K, 2 young (2048K), 2 survivors (2048K)
 Metaspace       used 31784K, committed 32192K, reserved 348160K
  class space    used 4491K, committed 4672K, reserved 315392K
}
Event: 145.085 GC heap before
{Heap before GC invocations=9 (full 0):
 garbage-first heap   total 262144K, used 39039K [0x00000000e0000000, 0x0000000100000000)
  region size 1024K, 12 young (12288K), 2 survivors (2048K)
 Metaspace       used 31957K, committed 32256K, reserved 348160K
  class space    used 4511K, committed 4672K, reserved 315392K
}
Event: 145.114 GC heap after
{Heap after GC invocations=10 (full 0):
 garbage-first heap   total 262144K, used 29932K [0x00000000e0000000, 0x0000000100000000)
  region size 1024K, 2 young (2048K), 2 survivors (2048K)
 Metaspace       used 31957K, committed 32256K, reserved 348160K
  class space    used 4511K, committed 4672K, reserved 315392K
}
Event: 183.347 GC heap before
{Heap before GC invocations=10 (full 0):
 garbage-first heap   total 262144K, used 44268K [0x00000000e0000000, 0x0000000100000000)
  region size 1024K, 12 young (12288K), 2 survivors (2048K)
 Metaspace       used 33324K, committed 33728K, reserved 348160K
  class space    used 4582K, committed 4736K, reserved 315392K
}
Event: 183.359 GC heap after
{Heap after GC invocations=11 (full 0):
 garbage-first heap   total 262144K, used 30777K [0x00000000e0000000, 0x0000000100000000)
  region size 1024K, 1 young (1024K), 1 survivors (1024K)
 Metaspace       used 33324K, committed 33728K, reserved 348160K
  class space    used 4582K, committed 4736K, reserved 315392K
}
Event: 371.407 GC heap before
{Heap before GC invocations=11 (full 0):
 garbage-first heap   total 262144K, used 51257K [0x00000000e0000000, 0x0000000100000000)
  region size 1024K, 21 young (21504K), 1 survivors (1024K)
 Metaspace       used 34285K, committed 34688K, reserved 348160K
  class space    used 4721K, committed 4928K, reserved 315392K
}
Event: 371.905 GC heap after
{Heap after GC invocations=12 (full 0):
 garbage-first heap   total 262144K, used 31210K [0x00000000e0000000, 0x0000000100000000)
  region size 1024K, 2 young (2048K), 2 survivors (2048K)
 Metaspace       used 34285K, committed 34688K, reserved 348160K
  class space    used 4721K, committed 4928K, reserved 315392K
}
Event: 474.518 GC heap before
{Heap before GC invocations=12 (full 0):
 garbage-first heap   total 262144K, used 41450K [0x00000000e0000000, 0x0000000100000000)
  region size 1024K, 12 young (12288K), 2 survivors (2048K)
 Metaspace       used 34364K, committed 34752K, reserved 348160K
  class space    used 4725K, committed 4928K, reserved 315392K
}
Event: 475.689 GC heap after
{Heap after GC invocations=13 (full 0):
 garbage-first heap   total 262144K, used 31805K [0x00000000e0000000, 0x0000000100000000)
  region size 1024K, 2 young (2048K), 2 survivors (2048K)
 Metaspace       used 34364K, committed 34752K, reserved 348160K
  class space    used 4725K, committed 4928K, reserved 315392K
}
Event: 486.902 GC heap before
{Heap before GC invocations=13 (full 0):
 garbage-first heap   total 262144K, used 42045K [0x00000000e0000000, 0x0000000100000000)
  region size 1024K, 12 young (12288K), 2 survivors (2048K)
 Metaspace       used 35451K, committed 35904K, reserved 348160K
  class space    used 4907K, committed 5120K, reserved 315392K
}
Event: 486.911 GC heap after
{Heap after GC invocations=14 (full 0):
 garbage-first heap   total 262144K, used 32609K [0x00000000e0000000, 0x0000000100000000)
  region size 1024K, 2 young (2048K), 2 survivors (2048K)
 Metaspace       used 35451K, committed 35904K, reserved 348160K
  class space    used 4907K, committed 5120K, reserved 315392K
}
Event: 487.353 GC heap before
{Heap before GC invocations=14 (full 0):
 garbage-first heap   total 262144K, used 33633K [0x00000000e0000000, 0x0000000100000000)
  region size 1024K, 4 young (4096K), 2 survivors (2048K)
 Metaspace       used 35590K, committed 35968K, reserved 348160K
  class space    used 4931K, committed 5120K, reserved 315392K
}
Event: 487.372 GC heap after
{Heap after GC invocations=15 (full 0):
 garbage-first heap   total 262144K, used 32760K [0x00000000e0000000, 0x0000000100000000)
  region size 1024K, 1 young (1024K), 1 survivors (1024K)
 Metaspace       used 35590K, committed 35968K, reserved 348160K
  class space    used 4931K, committed 5120K, reserved 315392K
}

