# JRE version: OpenJDK Runtime Environment 21.9 (17.0.3+6) (build 17.0.3+6-LTS)
# Java VM: OpenJDK 64-Bit Server VM 21.9 (17.0.3+6-LTS, mixed mode, sharing, tiered, compressed oops, compressed class ptrs, g1 gc, windows-amd64)
GC Precious Log:
 CPUs: 8 total, 8 available
 Memory: 7926M
 Large Page Support: Disabled
 NUMA Support: Disabled
 Compressed Oops: Enabled (32-bit)
 Heap Region Size: 1M
 Heap Min Capacity: 256M
 Heap Initial Capacity: 256M
 Heap Max Capacity: 512M
 Pre-touch: Disabled
 Parallel Workers: 8
 Concurrent Workers: 2
 Concurrent Refinement Workers: 8
 Periodic GC: Disabled
Heap:
 garbage-first heap   total 262144K, used 126359K [0x00000000e0000000, 0x0000000100000000)
  region size 1024K, 86 young (88064K), 1 survivors (1024K)
 Metaspace       used 51773K, committed 52224K, reserved 364544K
  class space    used 7271K, committed 7488K, reserved 315392K
GC Heap History (16 events):
Event: 25.081 GC heap before
{Heap before GC invocations=0 (full 0):
 garbage-first heap   total 262144K, used 26624K [0x00000000e0000000, 0x0000000100000000)
  region size 1024K, 23 young (23552K), 0 survivors (0K)
 Metaspace       used 3047K, committed 3200K, reserved 323584K
  class space    used 390K, committed 448K, reserved 315392K
}
Event: 25.710 GC heap after
{Heap after GC invocations=1 (full 0):
 garbage-first heap   total 262144K, used 10727K [0x00000000e0000000, 0x0000000100000000)
  region size 1024K, 3 young (3072K), 3 survivors (3072K)
 Metaspace       used 3047K, committed 3200K, reserved 323584K
  class space    used 390K, committed 448K, reserved 315392K
}
Event: 36.201 GC heap before
{Heap before GC invocations=1 (full 0):
 garbage-first heap   total 262144K, used 36327K [0x00000000e0000000, 0x0000000100000000)
  region size 1024K, 28 young (28672K), 3 survivors (3072K)
 Metaspace       used 4049K, committed 4224K, reserved 323584K
  class space    used 497K, committed 576K, reserved 315392K
}
Event: 36.209 GC heap after
{Heap after GC invocations=2 (full 0):
 garbage-first heap   total 262144K, used 11682K [0x00000000e0000000, 0x0000000100000000)
  region size 1024K, 1 young (1024K), 1 survivors (1024K)
 Metaspace       used 4049K, committed 4224K, reserved 323584K
  class space    used 497K, committed 576K, reserved 315392K
}
Event: 72.711 GC heap before
{Heap before GC invocations=2 (full 0):
 garbage-first heap   total 262144K, used 133538K [0x00000000e0000000, 0x0000000100000000)
  region size 1024K, 120 young (122880K), 1 survivors (1024K)
 Metaspace       used 21212K, committed 21504K, reserved 339968K
  class space    used 3116K, committed 3264K, reserved 315392K
}
Event: 72.745 GC heap after
{Heap after GC invocations=3 (full 0):
 garbage-first heap   total 262144K, used 22342K [0x00000000e0000000, 0x0000000100000000)
  region size 1024K, 12 young (12288K), 12 survivors (12288K)
 Metaspace       used 21212K, committed 21504K, reserved 339968K
  class space    used 3116K, committed 3264K, reserved 315392K
}
Event: 411.516 GC heap before
{Heap before GC invocations=4 (full 0):
 garbage-first heap   total 262144K, used 163654K [0x00000000e0000000, 0x0000000100000000)
  region size 1024K, 147 young (150528K), 12 survivors (12288K)
 Metaspace       used 35889K, committed 36288K, reserved 348160K
  class space    used 4972K, committed 5184K, reserved 315392K
}
Event: 411.837 GC heap after
{Heap after GC invocations=5 (full 0):
 garbage-first heap   total 262144K, used 31078K [0x00000000e0000000, 0x0000000100000000)
  region size 1024K, 9 young (9216K), 9 survivors (9216K)
 Metaspace       used 35889K, committed 36288K, reserved 348160K
  class space    used 4972K, committed 5184K, reserved 315392K
}
Event: 412.335 GC heap before
{Heap before GC invocations=5 (full 0):
 garbage-first heap   total 262144K, used 32102K [0x00000000e0000000, 0x0000000100000000)
  region size 1024K, 12 young (12288K), 9 survivors (9216K)
 Metaspace       used 36205K, committed 36608K, reserved 348160K
  class space    used 5032K, committed 5248K, reserved 315392K
}
Event: 412.350 GC heap after
{Heap after GC invocations=6 (full 0):
 garbage-first heap   total 262144K, used 31927K [0x00000000e0000000, 0x0000000100000000)
  region size 1024K, 2 young (2048K), 2 survivors (2048K)
 Metaspace       used 36205K, committed 36608K, reserved 348160K
  class space    used 5032K, committed 5248K, reserved 315392K
}
Event: 413.125 GC heap before
{Heap before GC invocations=6 (full 0):
 garbage-first heap   total 262144K, used 33975K [0x00000000e0000000, 0x0000000100000000)
  region size 1024K, 5 young (5120K), 2 survivors (2048K)
 Metaspace       used 36595K, committed 36928K, reserved 348160K
  class space    used 5082K, committed 5248K, reserved 315392K
}
Event: 413.131 GC heap after
{Heap after GC invocations=7 (full 0):
 garbage-first heap   total 262144K, used 31158K [0x00000000e0000000, 0x0000000100000000)
  region size 1024K, 1 young (1024K), 1 survivors (1024K)
 Metaspace       used 36595K, committed 36928K, reserved 348160K
  class space    used 5082K, committed 5248K, reserved 315392K
}
Event: 640.630 GC heap before
{Heap before GC invocations=8 (full 0):
 garbage-first heap   total 262144K, used 187830K [0x00000000e0000000, 0x0000000100000000)
  region size 1024K, 153 young (156672K), 1 survivors (1024K)
 Metaspace       used 48322K, committed 48768K, reserved 364544K
  class space    used 6879K, committed 7104K, reserved 315392K
}
Event: 640.774 GC heap after
{Heap after GC invocations=9 (full 0):
 garbage-first heap   total 262144K, used 39457K [0x00000000e0000000, 0x0000000100000000)
  region size 1024K, 9 young (9216K), 9 survivors (9216K)
 Metaspace       used 48322K, committed 48768K, reserved 364544K
  class space    used 6879K, committed 7104K, reserved 315392K
}
Event: 641.118 GC heap before
{Heap before GC invocations=9 (full 0):
 garbage-first heap   total 262144K, used 42529K [0x00000000e0000000, 0x0000000100000000)
  region size 1024K, 12 young (12288K), 9 survivors (9216K)
 Metaspace       used 48738K, committed 49216K, reserved 364544K
  class space    used 6966K, committed 7232K, reserved 315392K
}
Event: 641.155 GC heap after
{Heap after GC invocations=10 (full 0):
 garbage-first heap   total 262144K, used 40343K [0x00000000e0000000, 0x0000000100000000)
  region size 1024K, 1 young (1024K), 1 survivors (1024K)
 Metaspace       used 48738K, committed 49216K, reserved 364544K
  class space    used 6966K, committed 7232K, reserved 315392K
}

